#! /d/a/fpga-toolchain-build/fpga-toolchain-build/iverilog/_install/bin/vvp
:ivl_version "11.0 (stable)" "(d3b0992)";
:ivl_delay_selection "TYPICAL";
:vpi_time_precision + 0;
:vpi_module "C:\PROGRA~3\CHOCOL~1\lib\iverilog\tools\lib\ivl\system.vpi";
:vpi_module "C:\PROGRA~3\CHOCOL~1\lib\iverilog\tools\lib\ivl\vhdl_sys.vpi";
:vpi_module "C:\PROGRA~3\CHOCOL~1\lib\iverilog\tools\lib\ivl\vhdl_textio.vpi";
:vpi_module "C:\PROGRA~3\CHOCOL~1\lib\iverilog\tools\lib\ivl\v2005_math.vpi";
:vpi_module "C:\PROGRA~3\CHOCOL~1\lib\iverilog\tools\lib\ivl\va_math.vpi";
:vpi_module "C:\PROGRA~3\CHOCOL~1\lib\iverilog\tools\lib\ivl\v2009.vpi";
S_0000025d5194a560 .scope package, "$unit" "$unit" 2 1;
 .timescale 0 0;
S_0000025d5194a6f0 .scope module, "tt_um_zonlykroks_8bit_riscv" "tt_um_zonlykroks_8bit_riscv" 3 9;
 .timescale 0 0;
    .port_info 0 /INPUT 8 "ui_in";
    .port_info 1 /OUTPUT 8 "uo_out";
    .port_info 2 /INPUT 8 "uio_in";
    .port_info 3 /OUTPUT 8 "uio_out";
    .port_info 4 /OUTPUT 8 "uio_oe";
    .port_info 5 /INPUT 1 "ena";
    .port_info 6 /INPUT 1 "clk";
    .port_info 7 /INPUT 1 "rst_n";
o0000025d51a024e8 .functor BUFZ 1, C4<z>; HiZ drive
o0000025d51a024b8 .functor BUFZ 1, C4<z>; HiZ drive
L_0000025d519d4150 .functor AND 1, o0000025d51a024e8, o0000025d51a024b8, C4<1>, C4<1>;
L_0000025d519d44d0 .functor BUFZ 1, v0000025d51a45020_0, C4<0>, C4<0>, C4<0>;
L_0000025d519d4770 .functor BUFZ 1, L_0000025d51aa5ad0, C4<0>, C4<0>, C4<0>;
L_0000025d519d4af0 .functor BUFZ 1, L_0000025d51aa4b30, C4<0>, C4<0>, C4<0>;
v0000025d51a4c400_0 .net *"_ivl_13", 3 0, L_0000025d51aa5530;  1 drivers
v0000025d51a4bc80_0 .net *"_ivl_18", 3 0, L_0000025d51aa5670;  1 drivers
v0000025d51a4b820_0 .net *"_ivl_22", 0 0, L_0000025d519d44d0;  1 drivers
v0000025d51a4c2c0_0 .net *"_ivl_26", 1 0, L_0000025d51aa57b0;  1 drivers
v0000025d51a4c360_0 .net *"_ivl_30", 1 0, L_0000025d51aa5850;  1 drivers
v0000025d51a4b5a0_0 .net *"_ivl_34", 0 0, L_0000025d519d4770;  1 drivers
v0000025d51a4be60_0 .net *"_ivl_39", 0 0, L_0000025d519d4af0;  1 drivers
L_0000025d51a4cde0 .functor BUFT 1, C4<1>, C4<0>, C4<0>, C4<0>;
v0000025d51a4ab00_0 .net/2u *"_ivl_42", 0 0, L_0000025d51a4cde0;  1 drivers
L_0000025d51a4ce28 .functor BUFT 1, C4<1>, C4<0>, C4<0>, C4<0>;
v0000025d51a4a600_0 .net/2u *"_ivl_46", 0 0, L_0000025d51a4ce28;  1 drivers
L_0000025d51a4ce70 .functor BUFT 1, C4<111111>, C4<0>, C4<0>, C4<0>;
v0000025d51a4bd20_0 .net/2u *"_ivl_51", 5 0, L_0000025d51a4ce70;  1 drivers
L_0000025d51a4c528 .functor BUFT 1, C4<0>, C4<0>, C4<0>, C4<0>;
v0000025d51a4b3c0_0 .net/2u *"_ivl_8", 0 0, L_0000025d51a4c528;  1 drivers
v0000025d51a4b0a0_0 .net "addr_out", 15 0, L_0000025d519d4460;  1 drivers
o0000025d51a00688 .functor BUFZ 1, C4<z>; HiZ drive
v0000025d51a4ad80_0 .net "clk", 0 0, o0000025d51a00688;  0 drivers
v0000025d51a4bb40_0 .net "cpu_halt", 0 0, L_0000025d51aa5ad0;  1 drivers
v0000025d51a4a740_0 .net "cpu_rst_n", 0 0, L_0000025d519d4150;  1 drivers
v0000025d51a4ba00_0 .net "debug_en", 0 0, L_0000025d51a4bf00;  1 drivers
v0000025d51a4a7e0_0 .net "ena", 0 0, o0000025d51a024b8;  0 drivers
v0000025d51a4a560_0 .net "output_valid", 0 0, L_0000025d51aa4b30;  1 drivers
v0000025d51a4af60_0 .net "pc", 15 0, L_0000025d519d43f0;  1 drivers
v0000025d51a4c220_0 .net "rst_n", 0 0, o0000025d51a024e8;  0 drivers
v0000025d51a4bbe0_0 .net "scl_out", 0 0, v0000025d51a45020_0;  1 drivers
RS_0000025d51a00ec8 .resolv tri, L_0000025d51a4bfa0, L_0000025d51aa50d0;
v0000025d51a4b6e0_0 .net8 "sda_wire", 0 0, RS_0000025d51a00ec8;  2 drivers
o0000025d51a02518 .functor BUFZ 8, C4<zzzzzzzz>; HiZ drive
v0000025d51a4b780_0 .net "ui_in", 7 0, o0000025d51a02518;  0 drivers
o0000025d51a02548 .functor BUFZ 8, C4<zzzzzzzz>; HiZ drive
v0000025d51a4aa60_0 .net "uio_in", 7 0, o0000025d51a02548;  0 drivers
v0000025d51a4b960_0 .net "uio_oe", 7 0, L_0000025d51aa88b0;  1 drivers
v0000025d51a4bdc0_0 .net "uio_out", 7 0, L_0000025d51aa81d0;  1 drivers
v0000025d51a4b280_0 .net "uo_out", 7 0, L_0000025d51aa55d0;  1 drivers
L_0000025d51a4bf00 .part o0000025d51a02518, 0, 1;
L_0000025d51a4bfa0 .part o0000025d51a02548, 1, 1;
L_0000025d51aa5530 .part L_0000025d519d43f0, 0, 4;
L_0000025d51aa55d0 .concat8 [ 4 4 0 0], L_0000025d51aa5530, L_0000025d51aa5670;
L_0000025d51aa5670 .part L_0000025d519d4460, 0, 4;
L_0000025d51aa57b0 .part L_0000025d519d4460, 14, 2;
L_0000025d51aa5850 .part L_0000025d519d43f0, 6, 2;
LS_0000025d51aa81d0_0_0 .concat8 [ 1 1 2 2], L_0000025d519d44d0, L_0000025d51a4c528, L_0000025d51aa57b0, L_0000025d51aa5850;
LS_0000025d51aa81d0_0_4 .concat8 [ 1 1 0 0], L_0000025d519d4770, L_0000025d519d4af0;
L_0000025d51aa81d0 .concat8 [ 6 2 0 0], LS_0000025d51aa81d0_0_0, LS_0000025d51aa81d0_0_4;
L_0000025d51aa88b0 .concat8 [ 1 1 6 0], L_0000025d51a4cde0, L_0000025d51a4ce28, L_0000025d51a4ce70;
S_0000025d5194a880 .scope module, "cpu" "riscv_cpu" 3 41, 4 9 0, S_0000025d5194a6f0;
 .timescale 0 0;
    .port_info 0 /INPUT 1 "clk";
    .port_info 1 /INPUT 1 "rst_n";
    .port_info 2 /INOUT 1 "sda";
    .port_info 3 /OUTPUT 1 "scl";
    .port_info 4 /OUTPUT 16 "pc_out";
    .port_info 5 /OUTPUT 16 "addr_out";
    .port_info 6 /OUTPUT 1 "halt";
    .port_info 7 /OUTPUT 1 "valid";
P_0000025d51979840 .param/l "STATE_EXECUTE" 1 4 29, C4<01>;
P_0000025d51979878 .param/l "STATE_FETCH" 1 4 28, C4<00>;
P_0000025d519798b0 .param/l "STATE_HALT" 1 4 31, C4<11>;
P_0000025d519798e8 .param/l "STATE_WRITEBACK" 1 4 30, C4<10>;
L_0000025d519d4bd0 .functor BUFZ 16, L_0000025d51a4a880, C4<0000000000000000>, C4<0000000000000000>, C4<0000000000000000>;
L_0000025d519d41c0 .functor AND 1, v0000025d51a44d00_0, L_0000025d51aa5170, C4<1>, C4<1>;
L_0000025d519d4070 .functor BUFZ 16, L_0000025d51aa4590, C4<0000000000000000>, C4<0000000000000000>, C4<0000000000000000>;
L_0000025d519d43f0 .functor BUFZ 16, v0000025d51a48f00_0, C4<0000000000000000>, C4<0000000000000000>, C4<0000000000000000>;
L_0000025d519d4460 .functor BUFZ 16, v0000025d51a49220_0, C4<0000000000000000>, C4<0000000000000000>, C4<0000000000000000>;
v0000025d51a470d0_0 .net *"_ivl_11", 0 0, L_0000025d51a4c040;  1 drivers
v0000025d51a469f0_0 .net *"_ivl_12", 9 0, L_0000025d51a4c0e0;  1 drivers
v0000025d51a47df0_0 .net *"_ivl_19", 0 0, L_0000025d51a4c180;  1 drivers
v0000025d51a47210_0 .net *"_ivl_20", 8 0, L_0000025d51a4a920;  1 drivers
L_0000025d51a4c570 .functor BUFT 1, C4<0>, C4<0>, C4<0>, C4<0>;
v0000025d51a46bd0_0 .net/2u *"_ivl_22", 0 0, L_0000025d51a4c570;  1 drivers
v0000025d51a46b30_0 .net *"_ivl_27", 0 0, L_0000025d51a4ac40;  1 drivers
v0000025d51a46310_0 .net *"_ivl_28", 7 0, L_0000025d51a4ace0;  1 drivers
L_0000025d51a4c5b8 .functor BUFT 1, C4<00>, C4<0>, C4<0>, C4<0>;
v0000025d51a46d10_0 .net/2u *"_ivl_30", 1 0, L_0000025d51a4c5b8;  1 drivers
v0000025d51a46db0_0 .net *"_ivl_34", 15 0, L_0000025d51a4b500;  1 drivers
v0000025d51a46e50_0 .net *"_ivl_36", 13 0, L_0000025d51a4b320;  1 drivers
L_0000025d51a4c600 .functor BUFT 1, C4<00>, C4<0>, C4<0>, C4<0>;
v0000025d51a473f0_0 .net *"_ivl_38", 1 0, L_0000025d51a4c600;  1 drivers
L_0000025d51a4c648 .functor BUFT 1, C4<00000000000000>, C4<0>, C4<0>, C4<0>;
v0000025d51a464f0_0 .net/2u *"_ivl_40", 13 0, L_0000025d51a4c648;  1 drivers
v0000025d51a46ef0_0 .net *"_ivl_42", 14 0, L_0000025d51aa4e50;  1 drivers
v0000025d51a47f30_0 .net *"_ivl_44", 15 0, L_0000025d51aa6430;  1 drivers
L_0000025d51a4c690 .functor BUFT 1, C4<0>, C4<0>, C4<0>, C4<0>;
v0000025d51a477b0_0 .net *"_ivl_47", 0 0, L_0000025d51a4c690;  1 drivers
L_0000025d51a4c6d8 .functor BUFT 1, C4<1000000000000000>, C4<0>, C4<0>, C4<0>;
v0000025d51a47a30_0 .net/2u *"_ivl_50", 15 0, L_0000025d51a4c6d8;  1 drivers
L_0000025d51a4c960 .functor BUFT 1, C4<00>, C4<0>, C4<0>, C4<0>;
v0000025d51a472b0_0 .net/2u *"_ivl_54", 1 0, L_0000025d51a4c960;  1 drivers
v0000025d51a46270_0 .net *"_ivl_56", 0 0, L_0000025d51aa4630;  1 drivers
L_0000025d51a4c9a8 .functor BUFT 1, C4<01>, C4<0>, C4<0>, C4<0>;
v0000025d51a47ad0_0 .net/2u *"_ivl_58", 1 0, L_0000025d51a4c9a8;  1 drivers
v0000025d51a47b70_0 .net *"_ivl_60", 0 0, L_0000025d51aa4810;  1 drivers
L_0000025d51a4c9f0 .functor BUFT 1, C4<10>, C4<0>, C4<0>, C4<0>;
v0000025d51a47cb0_0 .net/2u *"_ivl_62", 1 0, L_0000025d51a4c9f0;  1 drivers
v0000025d51a47e90_0 .net *"_ivl_64", 0 0, L_0000025d51aa4f90;  1 drivers
L_0000025d51a4ca38 .functor BUFT 1, C4<0000000000000001>, C4<0>, C4<0>, C4<0>;
v0000025d51a47fd0_0 .net/2u *"_ivl_66", 15 0, L_0000025d51a4ca38;  1 drivers
v0000025d51a49860_0 .net *"_ivl_68", 15 0, L_0000025d51aa5350;  1 drivers
L_0000025d51a4ca80 .functor BUFT 1, C4<11>, C4<0>, C4<0>, C4<0>;
v0000025d51a49180_0 .net/2u *"_ivl_70", 1 0, L_0000025d51a4ca80;  1 drivers
v0000025d51a494a0_0 .net *"_ivl_72", 0 0, L_0000025d51aa5710;  1 drivers
v0000025d51a49ea0_0 .net *"_ivl_74", 15 0, L_0000025d51aa6250;  1 drivers
v0000025d51a48820_0 .net *"_ivl_76", 15 0, L_0000025d51aa6070;  1 drivers
v0000025d51a495e0_0 .net *"_ivl_78", 15 0, L_0000025d51aa5df0;  1 drivers
L_0000025d51a4cac8 .functor BUFT 1, C4<10>, C4<0>, C4<0>, C4<0>;
v0000025d51a48960_0 .net/2u *"_ivl_82", 1 0, L_0000025d51a4cac8;  1 drivers
v0000025d51a49e00_0 .net *"_ivl_84", 0 0, L_0000025d51aa5170;  1 drivers
L_0000025d51a4cd50 .functor BUFT 1, C4<11>, C4<0>, C4<0>, C4<0>;
v0000025d51a481e0_0 .net/2u *"_ivl_94", 1 0, L_0000025d51a4cd50;  1 drivers
L_0000025d51a4cd98 .functor BUFT 1, C4<10>, C4<0>, C4<0>, C4<0>;
v0000025d51a488c0_0 .net/2u *"_ivl_98", 1 0, L_0000025d51a4cd98;  1 drivers
v0000025d51a49f40_0 .net "addr_out", 15 0, L_0000025d519d4460;  alias, 1 drivers
v0000025d51a49360_0 .var "alu_b", 15 0;
v0000025d51a49900_0 .net "alu_op", 4 0, v0000025d51a45fc0_0;  1 drivers
v0000025d51a490e0_0 .net "alu_out", 15 0, v0000025d51a44800_0;  1 drivers
v0000025d51a48780_0 .net "branch_taken_alu", 0 0, L_0000025d51aa5990;  1 drivers
v0000025d51a48d20_0 .net "clk", 0 0, o0000025d51a00688;  alias, 0 drivers
v0000025d51a48a00_0 .net "data_addr", 15 0, L_0000025d51aa5210;  1 drivers
v0000025d51a49fe0_0 .var "fetch_counter", 0 0;
v0000025d51a49a40_0 .net "halt", 0 0, L_0000025d51aa5ad0;  alias, 1 drivers
v0000025d51a49220_0 .var "i2c_address", 15 0;
v0000025d51a48aa0_0 .net "i2c_error", 0 0, v0000025d51a441c0_0;  1 drivers
v0000025d51a49680_0 .net "i2c_read_data", 7 0, v0000025d51a44ee0_0;  1 drivers
v0000025d51a48280_0 .var "i2c_read_write", 0 0;
v0000025d51a48b40_0 .net "i2c_ready", 0 0, v0000025d51a44440_0;  1 drivers
v0000025d51a49540_0 .var "i2c_start", 0 0;
v0000025d51a48140_0 .var "i2c_write_data", 7 0;
v0000025d51a48be0_0 .net "imm_b", 15 0, L_0000025d51a4aba0;  1 drivers
v0000025d51a497c0_0 .net "imm_base", 5 0, L_0000025d51a4a9c0;  1 drivers
v0000025d51a486e0_0 .net "imm_i", 15 0, L_0000025d51a4a880;  1 drivers
v0000025d51a499a0_0 .net "imm_j", 15 0, L_0000025d51a4aec0;  1 drivers
v0000025d51a492c0_0 .net "imm_s", 15 0, L_0000025d519d4bd0;  1 drivers
v0000025d51a49720_0 .var "instruction", 15 0;
v0000025d51a49ae0_0 .net "instruction_addr", 15 0, L_0000025d51aa48b0;  1 drivers
v0000025d51a49400 .array "instruction_bytes", 0 1, 7 0;
v0000025d51a48320_0 .var "mem_data_out", 15 0;
v0000025d51a49b80_0 .net "mem_read_en", 0 0, v0000025d51a458e0_0;  1 drivers
v0000025d51a48c80_0 .net "mem_write_en", 0 0, v0000025d51a45d40_0;  1 drivers
v0000025d51a48dc0_0 .var "next_state", 1 0;
v0000025d51a48e60_0 .net "opcode", 3 0, L_0000025d51a4b000;  1 drivers
v0000025d51a48f00_0 .var "pc", 15 0;
v0000025d51a485a0_0 .net "pc_out", 15 0, L_0000025d519d43f0;  alias, 1 drivers
v0000025d51a483c0_0 .net "pc_sel", 1 0, v0000025d51a44b20_0;  1 drivers
v0000025d51a48460_0 .net "rd", 3 0, L_0000025d51a4a6a0;  1 drivers
v0000025d51a48fa0_0 .net "reg_data1", 15 0, L_0000025d51aa4590;  1 drivers
v0000025d51a49040_0 .net "reg_data2", 15 0, L_0000025d51aa4bd0;  1 drivers
v0000025d51a49c20_0 .net "reg_data_sel", 1 0, v0000025d51a45a20_0;  1 drivers
v0000025d51a49cc0_0 .net "reg_write_en", 0 0, v0000025d51a44d00_0;  1 drivers
v0000025d51a49d60_0 .net "rs1", 3 0, L_0000025d51a4b140;  1 drivers
v0000025d51a48500_0 .net "rs1_data", 15 0, L_0000025d519d4070;  1 drivers
v0000025d51a48640_0 .net "rs2", 3 0, L_0000025d51a4b460;  1 drivers
v0000025d51a4baa0_0 .net "rst_n", 0 0, L_0000025d519d4150;  alias, 1 drivers
v0000025d51a4b640_0 .net "scl", 0 0, v0000025d51a45020_0;  alias, 1 drivers
v0000025d51a4b8c0_0 .net8 "sda", 0 0, RS_0000025d51a00ec8;  alias, 2 drivers
v0000025d51a4b1e0_0 .var "state", 1 0;
v0000025d51a4ae20_0 .net "valid", 0 0, L_0000025d51aa4b30;  alias, 1 drivers
E_0000025d519e10f0 .event edge, v0000025d51a446c0_0, v0000025d51a486e0_0, v0000025d51a492c0_0, v0000025d51a463b0_0;
E_0000025d519e0d70/0 .event edge, v0000025d51a4b1e0_0, v0000025d51a44440_0, v0000025d51a441c0_0, v0000025d51a446c0_0;
E_0000025d519e0d70/1 .event edge, v0000025d51a49720_0;
E_0000025d519e0d70 .event/or E_0000025d519e0d70/0, E_0000025d519e0d70/1;
L_0000025d51a4b000 .part v0000025d51a49720_0, 12, 4;
L_0000025d51a4a6a0 .part v0000025d51a49720_0, 8, 4;
L_0000025d51a4b140 .part v0000025d51a49720_0, 4, 4;
L_0000025d51a4b460 .part v0000025d51a49720_0, 0, 4;
L_0000025d51a4a9c0 .part v0000025d51a49720_0, 0, 6;
L_0000025d51a4c040 .part L_0000025d51a4a9c0, 5, 1;
LS_0000025d51a4c0e0_0_0 .concat [ 1 1 1 1], L_0000025d51a4c040, L_0000025d51a4c040, L_0000025d51a4c040, L_0000025d51a4c040;
LS_0000025d51a4c0e0_0_4 .concat [ 1 1 1 1], L_0000025d51a4c040, L_0000025d51a4c040, L_0000025d51a4c040, L_0000025d51a4c040;
LS_0000025d51a4c0e0_0_8 .concat [ 1 1 0 0], L_0000025d51a4c040, L_0000025d51a4c040;
L_0000025d51a4c0e0 .concat [ 4 4 2 0], LS_0000025d51a4c0e0_0_0, LS_0000025d51a4c0e0_0_4, LS_0000025d51a4c0e0_0_8;
L_0000025d51a4a880 .concat [ 6 10 0 0], L_0000025d51a4a9c0, L_0000025d51a4c0e0;
L_0000025d51a4c180 .part L_0000025d51a4a9c0, 5, 1;
LS_0000025d51a4a920_0_0 .concat [ 1 1 1 1], L_0000025d51a4c180, L_0000025d51a4c180, L_0000025d51a4c180, L_0000025d51a4c180;
LS_0000025d51a4a920_0_4 .concat [ 1 1 1 1], L_0000025d51a4c180, L_0000025d51a4c180, L_0000025d51a4c180, L_0000025d51a4c180;
LS_0000025d51a4a920_0_8 .concat [ 1 0 0 0], L_0000025d51a4c180;
L_0000025d51a4a920 .concat [ 4 4 1 0], LS_0000025d51a4a920_0_0, LS_0000025d51a4a920_0_4, LS_0000025d51a4a920_0_8;
L_0000025d51a4aba0 .concat [ 1 6 9 0], L_0000025d51a4c570, L_0000025d51a4a9c0, L_0000025d51a4a920;
L_0000025d51a4ac40 .part L_0000025d51a4a9c0, 5, 1;
LS_0000025d51a4ace0_0_0 .concat [ 1 1 1 1], L_0000025d51a4ac40, L_0000025d51a4ac40, L_0000025d51a4ac40, L_0000025d51a4ac40;
LS_0000025d51a4ace0_0_4 .concat [ 1 1 1 1], L_0000025d51a4ac40, L_0000025d51a4ac40, L_0000025d51a4ac40, L_0000025d51a4ac40;
L_0000025d51a4ace0 .concat [ 4 4 0 0], LS_0000025d51a4ace0_0_0, LS_0000025d51a4ace0_0_4;
L_0000025d51a4aec0 .concat [ 2 6 8 0], L_0000025d51a4c5b8, L_0000025d51a4a9c0, L_0000025d51a4ace0;
L_0000025d51a4b320 .part v0000025d51a48f00_0, 0, 14;
L_0000025d51a4b500 .concat [ 2 14 0 0], L_0000025d51a4c600, L_0000025d51a4b320;
L_0000025d51aa4e50 .concat [ 1 14 0 0], v0000025d51a49fe0_0, L_0000025d51a4c648;
L_0000025d51aa6430 .concat [ 15 1 0 0], L_0000025d51aa4e50, L_0000025d51a4c690;
L_0000025d51aa48b0 .arith/sum 16, L_0000025d51a4b500, L_0000025d51aa6430;
L_0000025d51aa5210 .arith/sum 16, L_0000025d51a4c6d8, v0000025d51a44800_0;
L_0000025d51aa4630 .cmp/eq 2, v0000025d51a45a20_0, L_0000025d51a4c960;
L_0000025d51aa4810 .cmp/eq 2, v0000025d51a45a20_0, L_0000025d51a4c9a8;
L_0000025d51aa4f90 .cmp/eq 2, v0000025d51a45a20_0, L_0000025d51a4c9f0;
L_0000025d51aa5350 .arith/sum 16, v0000025d51a48f00_0, L_0000025d51a4ca38;
L_0000025d51aa5710 .cmp/eq 2, v0000025d51a45a20_0, L_0000025d51a4ca80;
L_0000025d51aa6250 .functor MUXZ 16, v0000025d51a44800_0, L_0000025d51a4a880, L_0000025d51aa5710, C4<>;
L_0000025d51aa6070 .functor MUXZ 16, L_0000025d51aa6250, L_0000025d51aa5350, L_0000025d51aa4f90, C4<>;
L_0000025d51aa5df0 .functor MUXZ 16, L_0000025d51aa6070, v0000025d51a48320_0, L_0000025d51aa4810, C4<>;
L_0000025d51aa62f0 .functor MUXZ 16, L_0000025d51aa5df0, v0000025d51a44800_0, L_0000025d51aa4630, C4<>;
L_0000025d51aa5170 .cmp/eq 2, v0000025d51a4b1e0_0, L_0000025d51a4cac8;
L_0000025d51aa5ad0 .cmp/eq 2, v0000025d51a4b1e0_0, L_0000025d51a4cd50;
L_0000025d51aa4b30 .cmp/eq 2, v0000025d51a4b1e0_0, L_0000025d51a4cd98;
S_0000025d51979930 .scope module, "alu_inst" "alu" 4 223, 5 9 0, S_0000025d5194a880;
 .timescale 0 0;
    .port_info 0 /INPUT 1 "clk";
    .port_info 1 /INPUT 1 "rst_n";
    .port_info 2 /INPUT 16 "a";
    .port_info 3 /INPUT 16 "b";
    .port_info 4 /INPUT 5 "alu_op";
    .port_info 5 /OUTPUT 16 "result";
    .port_info 6 /OUTPUT 1 "zero_flag";
P_0000025d51990c00 .param/l "ALU_ADD" 1 5 21, C4<00000>;
P_0000025d51990c38 .param/l "ALU_AND" 1 5 23, C4<00010>;
P_0000025d51990c70 .param/l "ALU_BEQ" 1 5 33, C4<10000>;
P_0000025d51990ca8 .param/l "ALU_BGE" 1 5 36, C4<10011>;
P_0000025d51990ce0 .param/l "ALU_BGEU" 1 5 38, C4<10101>;
P_0000025d51990d18 .param/l "ALU_BLT" 1 5 35, C4<10010>;
P_0000025d51990d50 .param/l "ALU_BLTU" 1 5 37, C4<10100>;
P_0000025d51990d88 .param/l "ALU_BNE" 1 5 34, C4<10001>;
P_0000025d51990dc0 .param/l "ALU_MUL" 1 5 31, C4<01010>;
P_0000025d51990df8 .param/l "ALU_OR" 1 5 24, C4<00011>;
P_0000025d51990e30 .param/l "ALU_SLL" 1 5 28, C4<00111>;
P_0000025d51990e68 .param/l "ALU_SLT" 1 5 26, C4<00101>;
P_0000025d51990ea0 .param/l "ALU_SLTU" 1 5 27, C4<00110>;
P_0000025d51990ed8 .param/l "ALU_SRA" 1 5 30, C4<01001>;
P_0000025d51990f10 .param/l "ALU_SRL" 1 5 29, C4<01000>;
P_0000025d51990f48 .param/l "ALU_SUB" 1 5 22, C4<00001>;
P_0000025d51990f80 .param/l "ALU_XOR" 1 5 25, C4<00100>;
L_0000025d519d3f20 .functor BUFZ 16, L_0000025d519d4070, C4<0000000000000000>, C4<0000000000000000>, C4<0000000000000000>;
L_0000025d519d3d60 .functor BUFZ 16, v0000025d51a49360_0, C4<0000000000000000>, C4<0000000000000000>, C4<0000000000000000>;
L_0000025d51a4cb10 .functor BUFT 1, C4<00001>, C4<0>, C4<0>, C4<0>;
v0000025d519cd7b0_0 .net/2u *"_ivl_0", 4 0, L_0000025d51a4cb10;  1 drivers
v0000025d519cd850_0 .net *"_ivl_10", 16 0, L_0000025d51aa53f0;  1 drivers
v0000025d519cdcb0_0 .net *"_ivl_12", 16 0, L_0000025d51aa4db0;  1 drivers
L_0000025d51a4cbe8 .functor BUFT 1, C4<0>, C4<0>, C4<0>, C4<0>;
v0000025d519cdd50_0 .net/2u *"_ivl_14", 0 0, L_0000025d51a4cbe8;  1 drivers
v0000025d519cddf0_0 .net *"_ivl_16", 16 0, L_0000025d51aa5a30;  1 drivers
L_0000025d51a4cc30 .functor BUFT 1, C4<0>, C4<0>, C4<0>, C4<0>;
v0000025d519ce390_0 .net/2u *"_ivl_18", 0 0, L_0000025d51a4cc30;  1 drivers
v0000025d51937340_0 .net *"_ivl_2", 0 0, L_0000025d51aa5030;  1 drivers
v0000025d51936da0_0 .net *"_ivl_20", 16 0, L_0000025d51aa5c10;  1 drivers
v0000025d51935ae0_0 .net *"_ivl_22", 16 0, L_0000025d51aa5490;  1 drivers
L_0000025d51a4cc78 .functor BUFT 1, C4<00111>, C4<0>, C4<0>, C4<0>;
v0000025d51935cc0_0 .net/2u *"_ivl_38", 4 0, L_0000025d51a4cc78;  1 drivers
L_0000025d51a4cb58 .functor BUFT 1, C4<0>, C4<0>, C4<0>, C4<0>;
v0000025d519363a0_0 .net/2u *"_ivl_4", 0 0, L_0000025d51a4cb58;  1 drivers
L_0000025d51a4ccc0 .functor BUFT 1, C4<01001>, C4<0>, C4<0>, C4<0>;
v0000025d51936800_0 .net/2u *"_ivl_42", 4 0, L_0000025d51a4ccc0;  1 drivers
L_0000025d51a4cd08 .functor BUFT 1, C4<0000000000000000>, C4<0>, C4<0>, C4<0>;
v0000025d51a44940_0 .net/2u *"_ivl_46", 15 0, L_0000025d51a4cd08;  1 drivers
v0000025d51a44760_0 .net *"_ivl_6", 16 0, L_0000025d51aa52b0;  1 drivers
L_0000025d51a4cba0 .functor BUFT 1, C4<0>, C4<0>, C4<0>, C4<0>;
v0000025d51a453e0_0 .net/2u *"_ivl_8", 0 0, L_0000025d51a4cba0;  1 drivers
v0000025d51a449e0_0 .net "a", 15 0, L_0000025d519d4070;  alias, 1 drivers
v0000025d51a448a0_0 .net/s "a_signed", 15 0, L_0000025d519d3f20;  1 drivers
v0000025d51a45de0_0 .net "add_sub_result", 16 0, L_0000025d51aa4770;  1 drivers
v0000025d51a450c0_0 .net "alu_op", 4 0, v0000025d51a45fc0_0;  alias, 1 drivers
v0000025d51a45480_0 .net "b", 15 0, v0000025d51a49360_0;  1 drivers
v0000025d51a455c0_0 .net/s "b_signed", 15 0, L_0000025d519d3d60;  1 drivers
v0000025d51a45160_0 .net "clk", 0 0, o0000025d51a00688;  alias, 0 drivers
v0000025d51a45840_0 .net "equal", 0 0, L_0000025d51aa5e90;  1 drivers
v0000025d51a44620_0 .net "less_than_signed", 0 0, L_0000025d51aa6110;  1 drivers
v0000025d51a44580_0 .net "less_than_unsigned", 0 0, L_0000025d51aa4950;  1 drivers
v0000025d51a44800_0 .var "result", 15 0;
v0000025d51a44a80_0 .net "rst_n", 0 0, L_0000025d519d4150;  alias, 1 drivers
v0000025d51a45e80_0 .net "shift_amount", 3 0, L_0000025d51aa5d50;  1 drivers
v0000025d51a444e0_0 .net "shift_arith", 0 0, L_0000025d51aa49f0;  1 drivers
v0000025d51a45520_0 .net "shift_left", 0 0, L_0000025d51aa6390;  1 drivers
v0000025d51a45c00_0 .net "shift_result", 15 0, v0000025d519cd2b0_0;  1 drivers
v0000025d51a44c60_0 .net "zero_flag", 0 0, L_0000025d51aa5990;  alias, 1 drivers
E_0000025d519e0f30/0 .event edge, v0000025d51a450c0_0, v0000025d51a45de0_0, v0000025d519cd490_0, v0000025d51a45480_0;
E_0000025d519e0f30/1 .event edge, v0000025d51a44620_0, v0000025d51a44580_0, v0000025d519cd2b0_0, v0000025d51a45840_0;
E_0000025d519e0f30 .event/or E_0000025d519e0f30/0, E_0000025d519e0f30/1;
L_0000025d51aa5030 .cmp/eq 5, v0000025d51a45fc0_0, L_0000025d51a4cb10;
L_0000025d51aa52b0 .concat [ 16 1 0 0], L_0000025d519d4070, L_0000025d51a4cb58;
L_0000025d51aa53f0 .concat [ 16 1 0 0], v0000025d51a49360_0, L_0000025d51a4cba0;
L_0000025d51aa4db0 .arith/sub 17, L_0000025d51aa52b0, L_0000025d51aa53f0;
L_0000025d51aa5a30 .concat [ 16 1 0 0], L_0000025d519d4070, L_0000025d51a4cbe8;
L_0000025d51aa5c10 .concat [ 16 1 0 0], v0000025d51a49360_0, L_0000025d51a4cc30;
L_0000025d51aa5490 .arith/sum 17, L_0000025d51aa5a30, L_0000025d51aa5c10;
L_0000025d51aa4770 .functor MUXZ 17, L_0000025d51aa5490, L_0000025d51aa4db0, L_0000025d51aa5030, C4<>;
L_0000025d51aa5d50 .part v0000025d51a49360_0, 0, 4;
L_0000025d51aa6110 .cmp/gt.s 16, L_0000025d519d3d60, L_0000025d519d3f20;
L_0000025d51aa4950 .cmp/gt 16, v0000025d51a49360_0, L_0000025d519d4070;
L_0000025d51aa5e90 .cmp/eq 16, L_0000025d519d4070, v0000025d51a49360_0;
L_0000025d51aa6390 .cmp/eq 5, v0000025d51a45fc0_0, L_0000025d51a4cc78;
L_0000025d51aa49f0 .cmp/eq 5, v0000025d51a45fc0_0, L_0000025d51a4ccc0;
L_0000025d51aa5990 .cmp/eq 16, v0000025d51a44800_0, L_0000025d51a4cd08;
S_0000025d51979ac0 .scope module, "shared_shifter" "barrel_shifter" 5 65, 6 10 0, S_0000025d51979930;
 .timescale 0 0;
    .port_info 0 /INPUT 16 "data_in";
    .port_info 1 /INPUT 4 "shift_amount";
    .port_info 2 /INPUT 1 "shift_left";
    .port_info 3 /INPUT 1 "shift_arith";
    .port_info 4 /OUTPUT 16 "data_out";
L_0000025d519d49a0 .functor AND 1, L_0000025d51aa49f0, L_0000025d51aa4a90, C4<1>, C4<1>;
v0000025d519cecf0_0 .net *"_ivl_1", 0 0, L_0000025d51aa4a90;  1 drivers
v0000025d519cd490_0 .net "data_in", 15 0, L_0000025d519d4070;  alias, 1 drivers
v0000025d519cd2b0_0 .var "data_out", 15 0;
v0000025d519cd3f0_0 .net "fill_bit", 0 0, L_0000025d519d49a0;  1 drivers
v0000025d519cd990_0 .net "shift_amount", 3 0, L_0000025d51aa5d50;  alias, 1 drivers
v0000025d519cd8f0_0 .net "shift_arith", 0 0, L_0000025d51aa49f0;  alias, 1 drivers
v0000025d519cd710_0 .net "shift_left", 0 0, L_0000025d51aa6390;  alias, 1 drivers
E_0000025d519e1a30 .event edge, v0000025d519cd710_0, v0000025d519cd490_0, v0000025d519cd990_0, v0000025d519cd8f0_0;
L_0000025d51aa4a90 .part L_0000025d519d4070, 15, 1;
S_0000025d5196ac90 .scope module, "ctrl" "control_unit" 4 234, 7 10 0, S_0000025d5194a880;
 .timescale 0 0;
    .port_info 0 /INPUT 4 "opcode";
    .port_info 1 /OUTPUT 5 "alu_op";
    .port_info 2 /OUTPUT 1 "reg_write_en";
    .port_info 3 /OUTPUT 1 "mem_read_en";
    .port_info 4 /OUTPUT 1 "mem_write_en";
    .port_info 5 /OUTPUT 2 "pc_sel";
    .port_info 6 /OUTPUT 2 "reg_data_sel";
P_0000025d519a9b00 .param/l "OP_ADD" 1 7 21, C4<0000>;
P_0000025d519a9b38 .param/l "OP_AND" 1 7 24, C4<0011>;
P_0000025d519a9b70 .param/l "OP_BRANCH" 1 7 34, C4<1101>;
P_0000025d519a9ba8 .param/l "OP_JAL" 1 7 35, C4<1110>;
P_0000025d519a9be0 .param/l "OP_LOAD" 1 7 32, C4<1011>;
P_0000025d519a9c18 .param/l "OP_LUI" 1 7 36, C4<1111>;
P_0000025d519a9c50 .param/l "OP_MUL" 1 7 23, C4<0010>;
P_0000025d519a9c88 .param/l "OP_OR" 1 7 25, C4<0100>;
P_0000025d519a9cc0 .param/l "OP_SLL" 1 7 27, C4<0110>;
P_0000025d519a9cf8 .param/l "OP_SLT" 1 7 30, C4<1001>;
P_0000025d519a9d30 .param/l "OP_SLTU" 1 7 31, C4<1010>;
P_0000025d519a9d68 .param/l "OP_SRA" 1 7 29, C4<1000>;
P_0000025d519a9da0 .param/l "OP_SRL" 1 7 28, C4<0111>;
P_0000025d519a9dd8 .param/l "OP_STORE" 1 7 33, C4<1100>;
P_0000025d519a9e10 .param/l "OP_SUB" 1 7 22, C4<0001>;
P_0000025d519a9e48 .param/l "OP_XOR" 1 7 26, C4<0101>;
v0000025d51a45fc0_0 .var "alu_op", 4 0;
v0000025d51a458e0_0 .var "mem_read_en", 0 0;
v0000025d51a45d40_0 .var "mem_write_en", 0 0;
v0000025d51a446c0_0 .net "opcode", 3 0, L_0000025d51a4b000;  alias, 1 drivers
v0000025d51a44b20_0 .var "pc_sel", 1 0;
v0000025d51a45a20_0 .var "reg_data_sel", 1 0;
v0000025d51a44d00_0 .var "reg_write_en", 0 0;
E_0000025d519e2130 .event edge, v0000025d51a446c0_0;
S_0000025d5196ae20 .scope module, "i2c_ctrl" "i2c_controller" 4 178, 8 10 0, S_0000025d5194a880;
 .timescale 0 0;
    .port_info 0 /INPUT 1 "clk";
    .port_info 1 /INPUT 1 "rst_n";
    .port_info 2 /INPUT 1 "start";
    .port_info 3 /INPUT 1 "read_write";
    .port_info 4 /INPUT 16 "address";
    .port_info 5 /INPUT 8 "write_data";
    .port_info 6 /OUTPUT 8 "read_data";
    .port_info 7 /OUTPUT 1 "ready";
    .port_info 8 /OUTPUT 1 "error";
    .port_info 9 /INOUT 1 "sda";
    .port_info 10 /OUTPUT 1 "scl";
P_0000025d519febe0 .param/l "ACK_CHECK" 1 8 42, C4<1010>;
P_0000025d519fec18 .param/l "ADDR_HIGH" 1 8 35, C4<0011>;
P_0000025d519fec50 .param/l "ADDR_LOW" 1 8 36, C4<0100>;
P_0000025d519fec88 .param/l "CLK_DIV" 0 8 12, +C4<00000000000000000000000001100100>;
P_0000025d519fecc0 .param/l "DEVICE_ADDR" 0 8 11, C4<1010000>;
P_0000025d519fecf8 .param/l "DEV_ADDR" 1 8 34, C4<0010>;
P_0000025d519fed30 .param/l "IDLE" 1 8 32, C4<0000>;
P_0000025d519fed68 .param/l "READ_ADDR" 1 8 39, C4<0111>;
P_0000025d519feda0 .param/l "READ_DATA" 1 8 40, C4<1000>;
P_0000025d519fedd8 .param/l "RESTART" 1 8 38, C4<0110>;
P_0000025d519fee10 .param/l "START_BIT" 1 8 33, C4<0001>;
P_0000025d519fee48 .param/l "STOP_BIT" 1 8 41, C4<1001>;
P_0000025d519fee80 .param/l "WRITE_DATA" 1 8 37, C4<0101>;
v0000025d51a452a0_0 .net *"_ivl_0", 31 0, L_0000025d51aa4c70;  1 drivers
o0000025d51a00bc8 .functor BUFZ 1, C4<z>; HiZ drive
; Elide local net with no drivers, v0000025d51a45660_0 name=_ivl_12
L_0000025d51a4c720 .functor BUFT 1, C4<000000000000000000000000>, C4<0>, C4<0>, C4<0>;
v0000025d51a44300_0 .net *"_ivl_3", 23 0, L_0000025d51a4c720;  1 drivers
L_0000025d51a4c768 .functor BUFT 1, C4<00000000000000000000000000110001>, C4<0>, C4<0>, C4<0>;
v0000025d51a45200_0 .net/2u *"_ivl_4", 31 0, L_0000025d51a4c768;  1 drivers
v0000025d51a44bc0_0 .var "ack_received", 0 0;
v0000025d51a44120_0 .net "addr_high", 7 0, L_0000025d51aa4ef0;  1 drivers
v0000025d51a45340_0 .net "addr_low", 7 0, L_0000025d51aa5fd0;  1 drivers
v0000025d51a45f20_0 .net "address", 15 0, v0000025d51a49220_0;  1 drivers
v0000025d51a45700_0 .var "bit_count", 3 0;
v0000025d51a44da0_0 .net "clk", 0 0, o0000025d51a00688;  alias, 0 drivers
v0000025d51a44e40_0 .var "clock_div", 7 0;
v0000025d51a441c0_0 .var "error", 0 0;
v0000025d51a44260_0 .net "i2c_clk", 0 0, L_0000025d51aa58f0;  1 drivers
v0000025d51a443a0_0 .var "next_state", 3 0;
v0000025d51a44ee0_0 .var "read_data", 7 0;
v0000025d51a44f80_0 .net "read_write", 0 0, v0000025d51a48280_0;  1 drivers
v0000025d51a44440_0 .var "ready", 0 0;
v0000025d51a45ca0_0 .net "rst_n", 0 0, L_0000025d519d4150;  alias, 1 drivers
v0000025d51a45020_0 .var "scl", 0 0;
v0000025d51a457a0_0 .net8 "sda", 0 0, RS_0000025d51a00ec8;  alias, 2 drivers
v0000025d51a45980_0 .var "sda_oe", 0 0;
v0000025d51a45ac0_0 .var "sda_out", 0 0;
v0000025d51a45b60_0 .var "shift_reg", 7 0;
v0000025d51a46450_0 .net "start", 0 0, v0000025d51a49540_0;  1 drivers
v0000025d51a47490_0 .var "state", 3 0;
v0000025d51a47530_0 .net "write_data", 7 0, v0000025d51a48140_0;  1 drivers
E_0000025d519e0e70/0 .event edge, v0000025d51a47490_0, v0000025d51a46450_0, v0000025d51a45700_0, v0000025d51a45020_0;
E_0000025d519e0e70/1 .event edge, v0000025d51a44bc0_0, v0000025d51a44f80_0;
E_0000025d519e0e70 .event/or E_0000025d519e0e70/0, E_0000025d519e0e70/1;
E_0000025d519e24f0/0 .event negedge, v0000025d51a44a80_0;
E_0000025d519e24f0/1 .event posedge, v0000025d51a45160_0;
E_0000025d519e24f0 .event/or E_0000025d519e24f0/0, E_0000025d519e24f0/1;
L_0000025d51aa4c70 .concat [ 8 24 0 0], v0000025d51a44e40_0, L_0000025d51a4c720;
L_0000025d51aa58f0 .cmp/eq 32, L_0000025d51aa4c70, L_0000025d51a4c768;
L_0000025d51aa4ef0 .part v0000025d51a49220_0, 8, 8;
L_0000025d51aa5fd0 .part v0000025d51a49220_0, 0, 8;
L_0000025d51aa50d0 .functor MUXZ 1, o0000025d51a00bc8, v0000025d51a45ac0_0, v0000025d51a45980_0, C4<>;
S_0000025d5196afb0 .scope module, "regfile" "register_file" 4 192, 9 10 0, S_0000025d5194a880;
 .timescale 0 0;
    .port_info 0 /INPUT 1 "clk";
    .port_info 1 /INPUT 1 "rst_n";
    .port_info 2 /INPUT 4 "read_addr1";
    .port_info 3 /INPUT 4 "read_addr2";
    .port_info 4 /INPUT 4 "write_addr";
    .port_info 5 /INPUT 16 "write_data";
    .port_info 6 /INPUT 1 "write_enable";
    .port_info 7 /OUTPUT 16 "data_out1";
    .port_info 8 /OUTPUT 16 "data_out2";
L_0000025d51a4c7b0 .functor BUFT 1, C4<0000>, C4<0>, C4<0>, C4<0>;
v0000025d51a46590_0 .net/2u *"_ivl_0", 3 0, L_0000025d51a4c7b0;  1 drivers
L_0000025d51a4c840 .functor BUFT 1, C4<00>, C4<0>, C4<0>, C4<0>;
v0000025d51a47710_0 .net *"_ivl_11", 1 0, L_0000025d51a4c840;  1 drivers
L_0000025d51a4c888 .functor BUFT 1, C4<0000>, C4<0>, C4<0>, C4<0>;
v0000025d51a47d50_0 .net/2u *"_ivl_14", 3 0, L_0000025d51a4c888;  1 drivers
v0000025d51a46810_0 .net *"_ivl_16", 0 0, L_0000025d51aa46d0;  1 drivers
L_0000025d51a4c8d0 .functor BUFT 1, C4<0000000000000000>, C4<0>, C4<0>, C4<0>;
v0000025d51a47170_0 .net/2u *"_ivl_18", 15 0, L_0000025d51a4c8d0;  1 drivers
v0000025d51a47c10_0 .net *"_ivl_2", 0 0, L_0000025d51aa5cb0;  1 drivers
v0000025d51a466d0_0 .net *"_ivl_20", 15 0, L_0000025d51aa4d10;  1 drivers
v0000025d51a461d0_0 .net *"_ivl_22", 5 0, L_0000025d51aa5f30;  1 drivers
L_0000025d51a4c918 .functor BUFT 1, C4<00>, C4<0>, C4<0>, C4<0>;
v0000025d51a478f0_0 .net *"_ivl_25", 1 0, L_0000025d51a4c918;  1 drivers
L_0000025d51a4c7f8 .functor BUFT 1, C4<0000000000000000>, C4<0>, C4<0>, C4<0>;
v0000025d51a46f90_0 .net/2u *"_ivl_4", 15 0, L_0000025d51a4c7f8;  1 drivers
v0000025d51a46c70_0 .net *"_ivl_6", 15 0, L_0000025d51aa5b70;  1 drivers
v0000025d51a46950_0 .net *"_ivl_8", 5 0, L_0000025d51aa61b0;  1 drivers
v0000025d51a46770_0 .net "clk", 0 0, o0000025d51a00688;  alias, 0 drivers
v0000025d51a468b0_0 .net "data_out1", 15 0, L_0000025d51aa4590;  alias, 1 drivers
v0000025d51a463b0_0 .net "data_out2", 15 0, L_0000025d51aa4bd0;  alias, 1 drivers
v0000025d51a46130_0 .var/i "i", 31 0;
v0000025d51a47350_0 .net "read_addr1", 3 0, L_0000025d51a4b140;  alias, 1 drivers
v0000025d51a47670_0 .net "read_addr2", 3 0, L_0000025d51a4b460;  alias, 1 drivers
v0000025d51a46a90 .array "registers", 0 15, 15 0;
v0000025d51a47030_0 .net "rst_n", 0 0, L_0000025d519d4150;  alias, 1 drivers
v0000025d51a46630_0 .net "write_addr", 3 0, L_0000025d51a4a6a0;  alias, 1 drivers
v0000025d51a475d0_0 .net "write_data", 15 0, L_0000025d51aa62f0;  1 drivers
v0000025d51a47990_0 .net "write_enable", 0 0, L_0000025d519d41c0;  1 drivers
L_0000025d51aa5cb0 .cmp/eq 4, L_0000025d51a4b140, L_0000025d51a4c7b0;
L_0000025d51aa5b70 .array/port v0000025d51a46a90, L_0000025d51aa61b0;
L_0000025d51aa61b0 .concat [ 4 2 0 0], L_0000025d51a4b140, L_0000025d51a4c840;
L_0000025d51aa4590 .functor MUXZ 16, L_0000025d51aa5b70, L_0000025d51a4c7f8, L_0000025d51aa5cb0, C4<>;
L_0000025d51aa46d0 .cmp/eq 4, L_0000025d51a4b460, L_0000025d51a4c888;
L_0000025d51aa4d10 .array/port v0000025d51a46a90, L_0000025d51aa5f30;
L_0000025d51aa5f30 .concat [ 4 2 0 0], L_0000025d51a4b460, L_0000025d51a4c918;
L_0000025d51aa4bd0 .functor MUXZ 16, L_0000025d51aa4d10, L_0000025d51a4c8d0, L_0000025d51aa46d0, C4<>;
    .scope S_0000025d5196ae20;
T_0 ;
    %wait E_0000025d519e24f0;
    %load/vec4 v0000025d51a45ca0_0;
    %nor/r;
    %flag_set/vec4 8;
    %jmp/0xz  T_0.0, 8;
    %pushi/vec4 0, 0, 8;
    %assign/vec4 v0000025d51a44e40_0, 0;
    %jmp T_0.1;
T_0.0 ;
    %load/vec4 v0000025d51a44e40_0;
    %pad/u 32;
    %cmpi/e 99, 0, 32;
    %flag_mov 8, 4;
    %jmp/0 T_0.2, 8;
    %pushi/vec4 0, 0, 8;
    %jmp/1 T_0.3, 8;
T_0.2 ; End of true expr.
    %load/vec4 v0000025d51a44e40_0;
    %addi 1, 0, 8;
    %jmp/0 T_0.3, 8;
 ; End of false expr.
    %blend;
T_0.3;
    %assign/vec4 v0000025d51a44e40_0, 0;
T_0.1 ;
    %jmp T_0;
    .thread T_0;
    .scope S_0000025d5196ae20;
T_1 ;
    %wait E_0000025d519e24f0;
    %load/vec4 v0000025d51a45ca0_0;
    %nor/r;
    %flag_set/vec4 8;
    %jmp/0xz  T_1.0, 8;
    %pushi/vec4 0, 0, 4;
    %assign/vec4 v0000025d51a47490_0, 0;
    %pushi/vec4 1, 0, 1;
    %assign/vec4 v0000025d51a45020_0, 0;
    %pushi/vec4 1, 0, 1;
    %assign/vec4 v0000025d51a45ac0_0, 0;
    %pushi/vec4 0, 0, 1;
    %assign/vec4 v0000025d51a45980_0, 0;
    %pushi/vec4 1, 0, 1;
    %assign/vec4 v0000025d51a44440_0, 0;
    %pushi/vec4 0, 0, 1;
    %assign/vec4 v0000025d51a441c0_0, 0;
    %pushi/vec4 0, 0, 4;
    %assign/vec4 v0000025d51a45700_0, 0;
    %pushi/vec4 0, 0, 8;
    %assign/vec4 v0000025d51a45b60_0, 0;
    %pushi/vec4 0, 0, 8;
    %assign/vec4 v0000025d51a44ee0_0, 0;
    %pushi/vec4 0, 0, 1;
    %assign/vec4 v0000025d51a44bc0_0, 0;
    %jmp T_1.1;
T_1.0 ;
    %load/vec4 v0000025d51a44260_0;
    %flag_set/vec4 8;
    %jmp/0xz  T_1.2, 8;
    %load/vec4 v0000025d51a443a0_0;
    %assign/vec4 v0000025d51a47490_0, 0;
    %load/vec4 v0000025d51a47490_0;
    %dup/vec4;
    %pushi/vec4 0, 0, 4;
    %cmp/u;
    %jmp/1 T_1.4, 6;
    %dup/vec4;
    %pushi/vec4 1, 0, 4;
    %cmp/u;
    %jmp/1 T_1.5, 6;
    %dup/vec4;
    %pushi/vec4 2, 0, 4;
    %cmp/u;
    %jmp/1 T_1.6, 6;
    %dup/vec4;
    %pushi/vec4 10, 0, 4;
    %cmp/u;
    %jmp/1 T_1.7, 6;
    %dup/vec4;
    %pushi/vec4 3, 0, 4;
    %cmp/u;
    %jmp/1 T_1.8, 6;
    %dup/vec4;
    %pushi/vec4 4, 0, 4;
    %cmp/u;
    %jmp/1 T_1.9, 6;
    %dup/vec4;
    %pushi/vec4 5, 0, 4;
    %cmp/u;
    %jmp/1 T_1.10, 6;
    %dup/vec4;
    %pushi/vec4 6, 0, 4;
    %cmp/u;
    %jmp/1 T_1.11, 6;
    %dup/vec4;
    %pushi/vec4 7, 0, 4;
    %cmp/u;
    %jmp/1 T_1.12, 6;
    %dup/vec4;
    %pushi/vec4 8, 0, 4;
    %cmp/u;
    %jmp/1 T_1.13, 6;
    %dup/vec4;
    %pushi/vec4 9, 0, 4;
    %cmp/u;
    %jmp/1 T_1.14, 6;
    %jmp T_1.15;
T_1.4 ;
    %pushi/vec4 1, 0, 1;
    %assign/vec4 v0000025d51a44440_0, 0;
    %pushi/vec4 0, 0, 1;
    %assign/vec4 v0000025d51a441c0_0, 0;
    %pushi/vec4 1, 0, 1;
    %assign/vec4 v0000025d51a45020_0, 0;
    %pushi/vec4 1, 0, 1;
    %assign/vec4 v0000025d51a45ac0_0, 0;
    %pushi/vec4 0, 0, 1;
    %assign/vec4 v0000025d51a45980_0, 0;
    %load/vec4 v0000025d51a46450_0;
    %flag_set/vec4 8;
    %jmp/0xz  T_1.16, 8;
    %pushi/vec4 0, 0, 1;
    %assign/vec4 v0000025d51a44440_0, 0;
T_1.16 ;
    %jmp T_1.15;
T_1.5 ;
    %pushi/vec4 1, 0, 1;
    %assign/vec4 v0000025d51a45980_0, 0;
    %pushi/vec4 0, 0, 1;
    %assign/vec4 v0000025d51a45ac0_0, 0;
    %pushi/vec4 1, 0, 1;
    %assign/vec4 v0000025d51a45020_0, 0;
    %pushi/vec4 160, 0, 8;
    %assign/vec4 v0000025d51a45b60_0, 0;
    %pushi/vec4 8, 0, 4;
    %assign/vec4 v0000025d51a45700_0, 0;
    %jmp T_1.15;
T_1.6 ;
    %load/vec4 v0000025d51a45020_0;
    %inv;
    %assign/vec4 v0000025d51a45020_0, 0;
    %load/vec4 v0000025d51a45020_0;
    %nor/r;
    %flag_set/vec4 8;
    %jmp/0xz  T_1.18, 8;
    %load/vec4 v0000025d51a45b60_0;
    %parti/s 1, 7, 4;
    %assign/vec4 v0000025d51a45ac0_0, 0;
    %load/vec4 v0000025d51a45b60_0;
    %ix/load 4, 1, 0;
    %flag_set/imm 4, 0;
    %shiftl 4;
    %assign/vec4 v0000025d51a45b60_0, 0;
    %load/vec4 v0000025d51a45700_0;
    %subi 1, 0, 4;
    %assign/vec4 v0000025d51a45700_0, 0;
T_1.18 ;
    %jmp T_1.15;
T_1.7 ;
    %load/vec4 v0000025d51a45020_0;
    %inv;
    %assign/vec4 v0000025d51a45020_0, 0;
    %load/vec4 v0000025d51a45020_0;
    %nor/r;
    %flag_set/vec4 8;
    %jmp/0xz  T_1.20, 8;
    %pushi/vec4 0, 0, 1;
    %assign/vec4 v0000025d51a45980_0, 0;
    %jmp T_1.21;
T_1.20 ;
    %load/vec4 v0000025d51a457a0_0;
    %nor/r;
    %assign/vec4 v0000025d51a44bc0_0, 0;
    %pushi/vec4 1, 0, 1;
    %assign/vec4 v0000025d51a45980_0, 0;
T_1.21 ;
    %jmp T_1.15;
T_1.8 ;
    %load/vec4 v0000025d51a45020_0;
    %inv;
    %assign/vec4 v0000025d51a45020_0, 0;
    %load/vec4 v0000025d51a45020_0;
    %nor/r;
    %flag_set/vec4 8;
    %jmp/0xz  T_1.22, 8;
    %load/vec4 v0000025d51a45b60_0;
    %parti/s 1, 7, 4;
    %assign/vec4 v0000025d51a45ac0_0, 0;
    %load/vec4 v0000025d51a45b60_0;
    %ix/load 4, 1, 0;
    %flag_set/imm 4, 0;
    %shiftl 4;
    %assign/vec4 v0000025d51a45b60_0, 0;
    %load/vec4 v0000025d51a45700_0;
    %subi 1, 0, 4;
    %assign/vec4 v0000025d51a45700_0, 0;
T_1.22 ;
    %jmp T_1.15;
T_1.9 ;
    %load/vec4 v0000025d51a45020_0;
    %inv;
    %assign/vec4 v0000025d51a45020_0, 0;
    %load/vec4 v0000025d51a45020_0;
    %nor/r;
    %flag_set/vec4 8;
    %jmp/0xz  T_1.24, 8;
    %load/vec4 v0000025d51a45b60_0;
    %parti/s 1, 7, 4;
    %assign/vec4 v0000025d51a45ac0_0, 0;
    %load/vec4 v0000025d51a45b60_0;
    %ix/load 4, 1, 0;
    %flag_set/imm 4, 0;
    %shiftl 4;
    %assign/vec4 v0000025d51a45b60_0, 0;
    %load/vec4 v0000025d51a45700_0;
    %subi 1, 0, 4;
    %assign/vec4 v0000025d51a45700_0, 0;
T_1.24 ;
    %jmp T_1.15;
T_1.10 ;
    %load/vec4 v0000025d51a45020_0;
    %inv;
    %assign/vec4 v0000025d51a45020_0, 0;
    %load/vec4 v0000025d51a45020_0;
    %nor/r;
    %flag_set/vec4 8;
    %jmp/0xz  T_1.26, 8;
    %load/vec4 v0000025d51a45b60_0;
    %parti/s 1, 7, 4;
    %assign/vec4 v0000025d51a45ac0_0, 0;
    %load/vec4 v0000025d51a45b60_0;
    %ix/load 4, 1, 0;
    %flag_set/imm 4, 0;
    %shiftl 4;
    %assign/vec4 v0000025d51a45b60_0, 0;
    %load/vec4 v0000025d51a45700_0;
    %subi 1, 0, 4;
    %assign/vec4 v0000025d51a45700_0, 0;
T_1.26 ;
    %jmp T_1.15;
T_1.11 ;
    %pushi/vec4 1, 0, 1;
    %assign/vec4 v0000025d51a45ac0_0, 0;
    %pushi/vec4 1, 0, 1;
    %assign/vec4 v0000025d51a45020_0, 0;
    %pushi/vec4 0, 0, 1;
    %assign/vec4 v0000025d51a45ac0_0, 0;
    %pushi/vec4 161, 0, 8;
    %assign/vec4 v0000025d51a45b60_0, 0;
    %pushi/vec4 8, 0, 4;
    %assign/vec4 v0000025d51a45700_0, 0;
    %jmp T_1.15;
T_1.12 ;
    %load/vec4 v0000025d51a45020_0;
    %inv;
    %assign/vec4 v0000025d51a45020_0, 0;
    %load/vec4 v0000025d51a45020_0;
    %nor/r;
    %flag_set/vec4 8;
    %jmp/0xz  T_1.28, 8;
    %load/vec4 v0000025d51a45b60_0;
    %parti/s 1, 7, 4;
    %assign/vec4 v0000025d51a45ac0_0, 0;
    %load/vec4 v0000025d51a45b60_0;
    %ix/load 4, 1, 0;
    %flag_set/imm 4, 0;
    %shiftl 4;
    %assign/vec4 v0000025d51a45b60_0, 0;
    %load/vec4 v0000025d51a45700_0;
    %subi 1, 0, 4;
    %assign/vec4 v0000025d51a45700_0, 0;
T_1.28 ;
    %jmp T_1.15;
T_1.13 ;
    %load/vec4 v0000025d51a45020_0;
    %inv;
    %assign/vec4 v0000025d51a45020_0, 0;
    %load/vec4 v0000025d51a45020_0;
    %nor/r;
    %flag_set/vec4 8;
    %jmp/0xz  T_1.30, 8;
    %pushi/vec4 0, 0, 1;
    %assign/vec4 v0000025d51a45980_0, 0;
    %jmp T_1.31;
T_1.30 ;
    %load/vec4 v0000025d51a45b60_0;
    %parti/s 7, 0, 2;
    %load/vec4 v0000025d51a457a0_0;
    %concat/vec4; draw_concat_vec4
    %assign/vec4 v0000025d51a45b60_0, 0;
    %load/vec4 v0000025d51a45700_0;
    %subi 1, 0, 4;
    %assign/vec4 v0000025d51a45700_0, 0;
T_1.31 ;
    %jmp T_1.15;
T_1.14 ;
    %pushi/vec4 1, 0, 1;
    %assign/vec4 v0000025d51a45020_0, 0;
    %pushi/vec4 1, 0, 1;
    %assign/vec4 v0000025d51a45980_0, 0;
    %pushi/vec4 1, 0, 1;
    %assign/vec4 v0000025d51a45ac0_0, 0;
    %load/vec4 v0000025d51a45b60_0;
    %assign/vec4 v0000025d51a44ee0_0, 0;
    %jmp T_1.15;
T_1.15 ;
    %pop/vec4 1;
T_1.2 ;
T_1.1 ;
    %jmp T_1;
    .thread T_1;
    .scope S_0000025d5196ae20;
T_2 ;
Ewait_0 .event/or E_0000025d519e0e70, E_0x0;
    %wait Ewait_0;
    %load/vec4 v0000025d51a47490_0;
    %store/vec4 v0000025d51a443a0_0, 0, 4;
    %load/vec4 v0000025d51a47490_0;
    %dup/vec4;
    %pushi/vec4 0, 0, 4;
    %cmp/u;
    %jmp/1 T_2.0, 6;
    %dup/vec4;
    %pushi/vec4 1, 0, 4;
    %cmp/u;
    %jmp/1 T_2.1, 6;
    %dup/vec4;
    %pushi/vec4 2, 0, 4;
    %cmp/u;
    %jmp/1 T_2.2, 6;
    %dup/vec4;
    %pushi/vec4 10, 0, 4;
    %cmp/u;
    %jmp/1 T_2.3, 6;
    %dup/vec4;
    %pushi/vec4 3, 0, 4;
    %cmp/u;
    %jmp/1 T_2.4, 6;
    %dup/vec4;
    %pushi/vec4 4, 0, 4;
    %cmp/u;
    %jmp/1 T_2.5, 6;
    %dup/vec4;
    %pushi/vec4 5, 0, 4;
    %cmp/u;
    %jmp/1 T_2.6, 6;
    %dup/vec4;
    %pushi/vec4 6, 0, 4;
    %cmp/u;
    %jmp/1 T_2.7, 6;
    %dup/vec4;
    %pushi/vec4 7, 0, 4;
    %cmp/u;
    %jmp/1 T_2.8, 6;
    %dup/vec4;
    %pushi/vec4 8, 0, 4;
    %cmp/u;
    %jmp/1 T_2.9, 6;
    %dup/vec4;
    %pushi/vec4 9, 0, 4;
    %cmp/u;
    %jmp/1 T_2.10, 6;
    %jmp T_2.11;
T_2.0 ;
    %load/vec4 v0000025d51a46450_0;
    %flag_set/vec4 8;
    %jmp/0xz  T_2.12, 8;
    %pushi/vec4 1, 0, 4;
    %store/vec4 v0000025d51a443a0_0, 0, 4;
T_2.12 ;
    %jmp T_2.11;
T_2.1 ;
    %pushi/vec4 2, 0, 4;
    %store/vec4 v0000025d51a443a0_0, 0, 4;
    %jmp T_2.11;
T_2.2 ;
    %load/vec4 v0000025d51a45700_0;
    %pad/u 32;
    %cmpi/e 0, 0, 32;
    %jmp/0xz  T_2.14, 4;
    %pushi/vec4 10, 0, 4;
    %store/vec4 v0000025d51a443a0_0, 0, 4;
T_2.14 ;
    %jmp T_2.11;
T_2.3 ;
    %load/vec4 v0000025d51a45020_0;
    %load/vec4 v0000025d51a44bc0_0;
    %and;
    %flag_set/vec4 8;
    %jmp/0xz  T_2.16, 8;
    %load/vec4 v0000025d51a47490_0;
    %cmpi/e 2, 0, 4;
    %jmp/0xz  T_2.18, 4;
    %pushi/vec4 3, 0, 4;
    %store/vec4 v0000025d51a443a0_0, 0, 4;
    %jmp T_2.19;
T_2.18 ;
    %load/vec4 v0000025d51a44f80_0;
    %flag_set/vec4 8;
    %jmp/0 T_2.20, 8;
    %pushi/vec4 8, 0, 4;
    %jmp/1 T_2.21, 8;
T_2.20 ; End of true expr.
    %pushi/vec4 9, 0, 4;
    %jmp/0 T_2.21, 8;
 ; End of false expr.
    %blend;
T_2.21;
    %store/vec4 v0000025d51a443a0_0, 0, 4;
T_2.19 ;
    %jmp T_2.17;
T_2.16 ;
    %load/vec4 v0000025d51a45020_0;
    %load/vec4 v0000025d51a44bc0_0;
    %nor/r;
    %and;
    %flag_set/vec4 8;
    %jmp/0xz  T_2.22, 8;
    %pushi/vec4 9, 0, 4;
    %store/vec4 v0000025d51a443a0_0, 0, 4;
T_2.22 ;
T_2.17 ;
    %jmp T_2.11;
T_2.4 ;
    %load/vec4 v0000025d51a45700_0;
    %pad/u 32;
    %cmpi/e 0, 0, 32;
    %jmp/0xz  T_2.24, 4;
    %pushi/vec4 10, 0, 4;
    %store/vec4 v0000025d51a443a0_0, 0, 4;
T_2.24 ;
    %jmp T_2.11;
T_2.5 ;
    %load/vec4 v0000025d51a45700_0;
    %pad/u 32;
    %cmpi/e 0, 0, 32;
    %jmp/0xz  T_2.26, 4;
    %load/vec4 v0000025d51a44f80_0;
    %flag_set/vec4 8;
    %jmp/0 T_2.28, 8;
    %pushi/vec4 6, 0, 4;
    %jmp/1 T_2.29, 8;
T_2.28 ; End of true expr.
    %pushi/vec4 5, 0, 4;
    %jmp/0 T_2.29, 8;
 ; End of false expr.
    %blend;
T_2.29;
    %store/vec4 v0000025d51a443a0_0, 0, 4;
T_2.26 ;
    %jmp T_2.11;
T_2.6 ;
    %load/vec4 v0000025d51a45700_0;
    %pad/u 32;
    %cmpi/e 0, 0, 32;
    %jmp/0xz  T_2.30, 4;
    %pushi/vec4 10, 0, 4;
    %store/vec4 v0000025d51a443a0_0, 0, 4;
T_2.30 ;
    %jmp T_2.11;
T_2.7 ;
    %pushi/vec4 7, 0, 4;
    %store/vec4 v0000025d51a443a0_0, 0, 4;
    %jmp T_2.11;
T_2.8 ;
    %load/vec4 v0000025d51a45700_0;
    %pad/u 32;
    %cmpi/e 0, 0, 32;
    %jmp/0xz  T_2.32, 4;
    %pushi/vec4 10, 0, 4;
    %store/vec4 v0000025d51a443a0_0, 0, 4;
T_2.32 ;
    %jmp T_2.11;
T_2.9 ;
    %load/vec4 v0000025d51a45700_0;
    %pad/u 32;
    %cmpi/e 0, 0, 32;
    %jmp/0xz  T_2.34, 4;
    %pushi/vec4 9, 0, 4;
    %store/vec4 v0000025d51a443a0_0, 0, 4;
T_2.34 ;
    %jmp T_2.11;
T_2.10 ;
    %pushi/vec4 0, 0, 4;
    %store/vec4 v0000025d51a443a0_0, 0, 4;
    %jmp T_2.11;
T_2.11 ;
    %pop/vec4 1;
    %jmp T_2;
    .thread T_2, $push;
    .scope S_0000025d5196afb0;
T_3 ;
    %wait E_0000025d519e24f0;
    %load/vec4 v0000025d51a47030_0;
    %nor/r;
    %flag_set/vec4 8;
    %jmp/0xz  T_3.0, 8;
    %pushi/vec4 0, 0, 32;
    %store/vec4 v0000025d51a46130_0, 0, 32;
T_3.2 ;
    %load/vec4 v0000025d51a46130_0;
    %cmpi/s 16, 0, 32;
    %jmp/0xz T_3.3, 5;
    %pushi/vec4 0, 0, 16;
    %ix/getv/s 3, v0000025d51a46130_0;
    %ix/load 4, 0, 0; Constant delay
    %assign/vec4/a/d v0000025d51a46a90, 0, 4;
    %load/vec4 v0000025d51a46130_0;
    %addi 1, 0, 32;
    %store/vec4 v0000025d51a46130_0, 0, 32;
    %jmp T_3.2;
T_3.3 ;
    %jmp T_3.1;
T_3.0 ;
    %load/vec4 v0000025d51a47990_0;
    %load/vec4 v0000025d51a46630_0;
    %pushi/vec4 0, 0, 4;
    %cmp/ne;
    %flag_get/vec4 4;
    %and;
    %flag_set/vec4 8;
    %jmp/0xz  T_3.4, 8;
    %load/vec4 v0000025d51a475d0_0;
    %load/vec4 v0000025d51a46630_0;
    %pad/u 6;
    %ix/vec4 3;
    %ix/load 4, 0, 0; Constant delay
    %assign/vec4/a/d v0000025d51a46a90, 0, 4;
T_3.4 ;
T_3.1 ;
    %jmp T_3;
    .thread T_3;
    .scope S_0000025d51979ac0;
T_4 ;
    %wait E_0000025d519e1a30;
    %load/vec4 v0000025d519cd710_0;
    %flag_set/vec4 8;
    %jmp/0xz  T_4.0, 8;
    %load/vec4 v0000025d519cd490_0;
    %ix/getv 4, v0000025d519cd990_0;
    %shiftl 4;
    %store/vec4 v0000025d519cd2b0_0, 0, 16;
    %jmp T_4.1;
T_4.0 ;
    %load/vec4 v0000025d519cd8f0_0;
    %flag_set/vec4 8;
    %jmp/0xz  T_4.2, 8;
    %load/vec4 v0000025d519cd490_0;
    %ix/getv 4, v0000025d519cd990_0;
    %shiftr/s 4;
    %store/vec4 v0000025d519cd2b0_0, 0, 16;
    %jmp T_4.3;
T_4.2 ;
    %load/vec4 v0000025d519cd490_0;
    %ix/getv 4, v0000025d519cd990_0;
    %shiftr 4;
    %store/vec4 v0000025d519cd2b0_0, 0, 16;
T_4.3 ;
T_4.1 ;
    %jmp T_4;
    .thread T_4, $push;
    .scope S_0000025d51979930;
T_5 ;
    %wait E_0000025d519e0f30;
    %load/vec4 v0000025d51a450c0_0;
    %dup/vec4;
    %pushi/vec4 0, 0, 5;
    %cmp/u;
    %jmp/1 T_5.0, 6;
    %dup/vec4;
    %pushi/vec4 1, 0, 5;
    %cmp/u;
    %jmp/1 T_5.1, 6;
    %dup/vec4;
    %pushi/vec4 2, 0, 5;
    %cmp/u;
    %jmp/1 T_5.2, 6;
    %dup/vec4;
    %pushi/vec4 3, 0, 5;
    %cmp/u;
    %jmp/1 T_5.3, 6;
    %dup/vec4;
    %pushi/vec4 4, 0, 5;
    %cmp/u;
    %jmp/1 T_5.4, 6;
    %dup/vec4;
    %pushi/vec4 5, 0, 5;
    %cmp/u;
    %jmp/1 T_5.5, 6;
    %dup/vec4;
    %pushi/vec4 6, 0, 5;
    %cmp/u;
    %jmp/1 T_5.6, 6;
    %dup/vec4;
    %pushi/vec4 7, 0, 5;
    %cmp/u;
    %jmp/1 T_5.7, 6;
    %dup/vec4;
    %pushi/vec4 8, 0, 5;
    %cmp/u;
    %jmp/1 T_5.8, 6;
    %dup/vec4;
    %pushi/vec4 9, 0, 5;
    %cmp/u;
    %jmp/1 T_5.9, 6;
    %dup/vec4;
    %pushi/vec4 10, 0, 5;
    %cmp/u;
    %jmp/1 T_5.10, 6;
    %dup/vec4;
    %pushi/vec4 16, 0, 5;
    %cmp/u;
    %jmp/1 T_5.11, 6;
    %dup/vec4;
    %pushi/vec4 17, 0, 5;
    %cmp/u;
    %jmp/1 T_5.12, 6;
    %dup/vec4;
    %pushi/vec4 18, 0, 5;
    %cmp/u;
    %jmp/1 T_5.13, 6;
    %dup/vec4;
    %pushi/vec4 19, 0, 5;
    %cmp/u;
    %jmp/1 T_5.14, 6;
    %dup/vec4;
    %pushi/vec4 20, 0, 5;
    %cmp/u;
    %jmp/1 T_5.15, 6;
    %dup/vec4;
    %pushi/vec4 21, 0, 5;
    %cmp/u;
    %jmp/1 T_5.16, 6;
    %pushi/vec4 0, 0, 16;
    %store/vec4 v0000025d51a44800_0, 0, 16;
    %jmp T_5.18;
T_5.0 ;
    %load/vec4 v0000025d51a45de0_0;
    %parti/s 16, 0, 2;
    %store/vec4 v0000025d51a44800_0, 0, 16;
    %jmp T_5.18;
T_5.1 ;
    %load/vec4 v0000025d51a45de0_0;
    %parti/s 16, 0, 2;
    %store/vec4 v0000025d51a44800_0, 0, 16;
    %jmp T_5.18;
T_5.2 ;
    %load/vec4 v0000025d51a449e0_0;
    %load/vec4 v0000025d51a45480_0;
    %and;
    %store/vec4 v0000025d51a44800_0, 0, 16;
    %jmp T_5.18;
T_5.3 ;
    %load/vec4 v0000025d51a449e0_0;
    %load/vec4 v0000025d51a45480_0;
    %or;
    %store/vec4 v0000025d51a44800_0, 0, 16;
    %jmp T_5.18;
T_5.4 ;
    %load/vec4 v0000025d51a449e0_0;
    %load/vec4 v0000025d51a45480_0;
    %xor;
    %store/vec4 v0000025d51a44800_0, 0, 16;
    %jmp T_5.18;
T_5.5 ;
    %load/vec4 v0000025d51a44620_0;
    %flag_set/vec4 8;
    %jmp/0 T_5.19, 8;
    %pushi/vec4 1, 0, 16;
    %jmp/1 T_5.20, 8;
T_5.19 ; End of true expr.
    %pushi/vec4 0, 0, 16;
    %jmp/0 T_5.20, 8;
 ; End of false expr.
    %blend;
T_5.20;
    %store/vec4 v0000025d51a44800_0, 0, 16;
    %jmp T_5.18;
T_5.6 ;
    %load/vec4 v0000025d51a44580_0;
    %flag_set/vec4 8;
    %jmp/0 T_5.21, 8;
    %pushi/vec4 1, 0, 16;
    %jmp/1 T_5.22, 8;
T_5.21 ; End of true expr.
    %pushi/vec4 0, 0, 16;
    %jmp/0 T_5.22, 8;
 ; End of false expr.
    %blend;
T_5.22;
    %store/vec4 v0000025d51a44800_0, 0, 16;
    %jmp T_5.18;
T_5.7 ;
    %load/vec4 v0000025d51a45c00_0;
    %store/vec4 v0000025d51a44800_0, 0, 16;
    %jmp T_5.18;
T_5.8 ;
    %load/vec4 v0000025d51a45c00_0;
    %store/vec4 v0000025d51a44800_0, 0, 16;
    %jmp T_5.18;
T_5.9 ;
    %load/vec4 v0000025d51a45c00_0;
    %store/vec4 v0000025d51a44800_0, 0, 16;
    %jmp T_5.18;
T_5.10 ;
    %load/vec4 v0000025d51a449e0_0;
    %parti/s 8, 0, 2;
    %pad/u 16;
    %load/vec4 v0000025d51a45480_0;
    %parti/s 8, 0, 2;
    %pad/u 16;
    %mul;
    %store/vec4 v0000025d51a44800_0, 0, 16;
    %jmp T_5.18;
T_5.11 ;
    %load/vec4 v0000025d51a45840_0;
    %flag_set/vec4 8;
    %jmp/0 T_5.23, 8;
    %pushi/vec4 1, 0, 16;
    %jmp/1 T_5.24, 8;
T_5.23 ; End of true expr.
    %pushi/vec4 0, 0, 16;
    %jmp/0 T_5.24, 8;
 ; End of false expr.
    %blend;
T_5.24;
    %store/vec4 v0000025d51a44800_0, 0, 16;
    %jmp T_5.18;
T_5.12 ;
    %load/vec4 v0000025d51a45840_0;
    %flag_set/vec4 8;
    %jmp/0 T_5.25, 8;
    %pushi/vec4 0, 0, 16;
    %jmp/1 T_5.26, 8;
T_5.25 ; End of true expr.
    %pushi/vec4 1, 0, 16;
    %jmp/0 T_5.26, 8;
 ; End of false expr.
    %blend;
T_5.26;
    %store/vec4 v0000025d51a44800_0, 0, 16;
    %jmp T_5.18;
T_5.13 ;
    %load/vec4 v0000025d51a44620_0;
    %flag_set/vec4 8;
    %jmp/0 T_5.27, 8;
    %pushi/vec4 1, 0, 16;
    %jmp/1 T_5.28, 8;
T_5.27 ; End of true expr.
    %pushi/vec4 0, 0, 16;
    %jmp/0 T_5.28, 8;
 ; End of false expr.
    %blend;
T_5.28;
    %store/vec4 v0000025d51a44800_0, 0, 16;
    %jmp T_5.18;
T_5.14 ;
    %load/vec4 v0000025d51a44620_0;
    %flag_set/vec4 8;
    %jmp/0 T_5.29, 8;
    %pushi/vec4 0, 0, 16;
    %jmp/1 T_5.30, 8;
T_5.29 ; End of true expr.
    %pushi/vec4 1, 0, 16;
    %jmp/0 T_5.30, 8;
 ; End of false expr.
    %blend;
T_5.30;
    %store/vec4 v0000025d51a44800_0, 0, 16;
    %jmp T_5.18;
T_5.15 ;
    %load/vec4 v0000025d51a44580_0;
    %flag_set/vec4 8;
    %jmp/0 T_5.31, 8;
    %pushi/vec4 1, 0, 16;
    %jmp/1 T_5.32, 8;
T_5.31 ; End of true expr.
    %pushi/vec4 0, 0, 16;
    %jmp/0 T_5.32, 8;
 ; End of false expr.
    %blend;
T_5.32;
    %store/vec4 v0000025d51a44800_0, 0, 16;
    %jmp T_5.18;
T_5.16 ;
    %load/vec4 v0000025d51a44580_0;
    %flag_set/vec4 8;
    %jmp/0 T_5.33, 8;
    %pushi/vec4 0, 0, 16;
    %jmp/1 T_5.34, 8;
T_5.33 ; End of true expr.
    %pushi/vec4 1, 0, 16;
    %jmp/0 T_5.34, 8;
 ; End of false expr.
    %blend;
T_5.34;
    %store/vec4 v0000025d51a44800_0, 0, 16;
    %jmp T_5.18;
T_5.18 ;
    %pop/vec4 1;
    %jmp T_5;
    .thread T_5, $push;
    .scope S_0000025d5196ac90;
T_6 ;
    %wait E_0000025d519e2130;
    %pushi/vec4 0, 0, 5;
    %store/vec4 v0000025d51a45fc0_0, 0, 5;
    %pushi/vec4 0, 0, 1;
    %store/vec4 v0000025d51a44d00_0, 0, 1;
    %pushi/vec4 0, 0, 1;
    %store/vec4 v0000025d51a458e0_0, 0, 1;
    %pushi/vec4 0, 0, 1;
    %store/vec4 v0000025d51a45d40_0, 0, 1;
    %pushi/vec4 0, 0, 2;
    %store/vec4 v0000025d51a44b20_0, 0, 2;
    %pushi/vec4 0, 0, 2;
    %store/vec4 v0000025d51a45a20_0, 0, 2;
    %load/vec4 v0000025d51a446c0_0;
    %dup/vec4;
    %pushi/vec4 0, 0, 4;
    %cmp/u;
    %jmp/1 T_6.0, 6;
    %dup/vec4;
    %pushi/vec4 1, 0, 4;
    %cmp/u;
    %jmp/1 T_6.1, 6;
    %dup/vec4;
    %pushi/vec4 2, 0, 4;
    %cmp/u;
    %jmp/1 T_6.2, 6;
    %dup/vec4;
    %pushi/vec4 3, 0, 4;
    %cmp/u;
    %jmp/1 T_6.3, 6;
    %dup/vec4;
    %pushi/vec4 4, 0, 4;
    %cmp/u;
    %jmp/1 T_6.4, 6;
    %dup/vec4;
    %pushi/vec4 5, 0, 4;
    %cmp/u;
    %jmp/1 T_6.5, 6;
    %dup/vec4;
    %pushi/vec4 6, 0, 4;
    %cmp/u;
    %jmp/1 T_6.6, 6;
    %dup/vec4;
    %pushi/vec4 7, 0, 4;
    %cmp/u;
    %jmp/1 T_6.7, 6;
    %dup/vec4;
    %pushi/vec4 8, 0, 4;
    %cmp/u;
    %jmp/1 T_6.8, 6;
    %dup/vec4;
    %pushi/vec4 9, 0, 4;
    %cmp/u;
    %jmp/1 T_6.9, 6;
    %dup/vec4;
    %pushi/vec4 10, 0, 4;
    %cmp/u;
    %jmp/1 T_6.10, 6;
    %dup/vec4;
    %pushi/vec4 11, 0, 4;
    %cmp/u;
    %jmp/1 T_6.11, 6;
    %dup/vec4;
    %pushi/vec4 12, 0, 4;
    %cmp/u;
    %jmp/1 T_6.12, 6;
    %dup/vec4;
    %pushi/vec4 13, 0, 4;
    %cmp/u;
    %jmp/1 T_6.13, 6;
    %dup/vec4;
    %pushi/vec4 14, 0, 4;
    %cmp/u;
    %jmp/1 T_6.14, 6;
    %dup/vec4;
    %pushi/vec4 15, 0, 4;
    %cmp/u;
    %jmp/1 T_6.15, 6;
    %pushi/vec4 0, 0, 5;
    %store/vec4 v0000025d51a45fc0_0, 0, 5;
    %pushi/vec4 0, 0, 1;
    %store/vec4 v0000025d51a44d00_0, 0, 1;
    %jmp T_6.17;
T_6.0 ;
    %pushi/vec4 1, 0, 1;
    %store/vec4 v0000025d51a44d00_0, 0, 1;
    %pushi/vec4 0, 0, 2;
    %store/vec4 v0000025d51a45a20_0, 0, 2;
    %pushi/vec4 0, 0, 5;
    %store/vec4 v0000025d51a45fc0_0, 0, 5;
    %jmp T_6.17;
T_6.1 ;
    %pushi/vec4 1, 0, 1;
    %store/vec4 v0000025d51a44d00_0, 0, 1;
    %pushi/vec4 0, 0, 2;
    %store/vec4 v0000025d51a45a20_0, 0, 2;
    %pushi/vec4 1, 0, 5;
    %store/vec4 v0000025d51a45fc0_0, 0, 5;
    %jmp T_6.17;
T_6.2 ;
    %pushi/vec4 1, 0, 1;
    %store/vec4 v0000025d51a44d00_0, 0, 1;
    %pushi/vec4 0, 0, 2;
    %store/vec4 v0000025d51a45a20_0, 0, 2;
    %pushi/vec4 10, 0, 5;
    %store/vec4 v0000025d51a45fc0_0, 0, 5;
    %jmp T_6.17;
T_6.3 ;
    %pushi/vec4 1, 0, 1;
    %store/vec4 v0000025d51a44d00_0, 0, 1;
    %pushi/vec4 0, 0, 2;
    %store/vec4 v0000025d51a45a20_0, 0, 2;
    %pushi/vec4 2, 0, 5;
    %store/vec4 v0000025d51a45fc0_0, 0, 5;
    %jmp T_6.17;
T_6.4 ;
    %pushi/vec4 1, 0, 1;
    %store/vec4 v0000025d51a44d00_0, 0, 1;
    %pushi/vec4 0, 0, 2;
    %store/vec4 v0000025d51a45a20_0, 0, 2;
    %pushi/vec4 3, 0, 5;
    %store/vec4 v0000025d51a45fc0_0, 0, 5;
    %jmp T_6.17;
T_6.5 ;
    %pushi/vec4 1, 0, 1;
    %store/vec4 v0000025d51a44d00_0, 0, 1;
    %pushi/vec4 0, 0, 2;
    %store/vec4 v0000025d51a45a20_0, 0, 2;
    %pushi/vec4 4, 0, 5;
    %store/vec4 v0000025d51a45fc0_0, 0, 5;
    %jmp T_6.17;
T_6.6 ;
    %pushi/vec4 1, 0, 1;
    %store/vec4 v0000025d51a44d00_0, 0, 1;
    %pushi/vec4 0, 0, 2;
    %store/vec4 v0000025d51a45a20_0, 0, 2;
    %pushi/vec4 7, 0, 5;
    %store/vec4 v0000025d51a45fc0_0, 0, 5;
    %jmp T_6.17;
T_6.7 ;
    %pushi/vec4 1, 0, 1;
    %store/vec4 v0000025d51a44d00_0, 0, 1;
    %pushi/vec4 0, 0, 2;
    %store/vec4 v0000025d51a45a20_0, 0, 2;
    %pushi/vec4 8, 0, 5;
    %store/vec4 v0000025d51a45fc0_0, 0, 5;
    %jmp T_6.17;
T_6.8 ;
    %pushi/vec4 1, 0, 1;
    %store/vec4 v0000025d51a44d00_0, 0, 1;
    %pushi/vec4 0, 0, 2;
    %store/vec4 v0000025d51a45a20_0, 0, 2;
    %pushi/vec4 9, 0, 5;
    %store/vec4 v0000025d51a45fc0_0, 0, 5;
    %jmp T_6.17;
T_6.9 ;
    %pushi/vec4 1, 0, 1;
    %store/vec4 v0000025d51a44d00_0, 0, 1;
    %pushi/vec4 0, 0, 2;
    %store/vec4 v0000025d51a45a20_0, 0, 2;
    %pushi/vec4 5, 0, 5;
    %store/vec4 v0000025d51a45fc0_0, 0, 5;
    %jmp T_6.17;
T_6.10 ;
    %pushi/vec4 1, 0, 1;
    %store/vec4 v0000025d51a44d00_0, 0, 1;
    %pushi/vec4 0, 0, 2;
    %store/vec4 v0000025d51a45a20_0, 0, 2;
    %pushi/vec4 6, 0, 5;
    %store/vec4 v0000025d51a45fc0_0, 0, 5;
    %jmp T_6.17;
T_6.11 ;
    %pushi/vec4 1, 0, 1;
    %store/vec4 v0000025d51a44d00_0, 0, 1;
    %pushi/vec4 1, 0, 1;
    %store/vec4 v0000025d51a458e0_0, 0, 1;
    %pushi/vec4 1, 0, 2;
    %store/vec4 v0000025d51a45a20_0, 0, 2;
    %pushi/vec4 0, 0, 5;
    %store/vec4 v0000025d51a45fc0_0, 0, 5;
    %jmp T_6.17;
T_6.12 ;
    %pushi/vec4 1, 0, 1;
    %store/vec4 v0000025d51a45d40_0, 0, 1;
    %pushi/vec4 0, 0, 5;
    %store/vec4 v0000025d51a45fc0_0, 0, 5;
    %jmp T_6.17;
T_6.13 ;
    %pushi/vec4 1, 0, 2;
    %store/vec4 v0000025d51a44b20_0, 0, 2;
    %pushi/vec4 16, 0, 5;
    %store/vec4 v0000025d51a45fc0_0, 0, 5;
    %jmp T_6.17;
T_6.14 ;
    %pushi/vec4 1, 0, 1;
    %store/vec4 v0000025d51a44d00_0, 0, 1;
    %pushi/vec4 2, 0, 2;
    %store/vec4 v0000025d51a45a20_0, 0, 2;
    %pushi/vec4 2, 0, 2;
    %store/vec4 v0000025d51a44b20_0, 0, 2;
    %jmp T_6.17;
T_6.15 ;
    %pushi/vec4 1, 0, 1;
    %store/vec4 v0000025d51a44d00_0, 0, 1;
    %pushi/vec4 3, 0, 2;
    %store/vec4 v0000025d51a45a20_0, 0, 2;
    %jmp T_6.17;
T_6.17 ;
    %pop/vec4 1;
    %jmp T_6;
    .thread T_6, $push;
    .scope S_0000025d5194a880;
T_7 ;
    %wait E_0000025d519e24f0;
    %load/vec4 v0000025d51a4baa0_0;
    %nor/r;
    %flag_set/vec4 8;
    %jmp/0xz  T_7.0, 8;
    %pushi/vec4 0, 0, 2;
    %assign/vec4 v0000025d51a4b1e0_0, 0;
    %pushi/vec4 0, 0, 16;
    %assign/vec4 v0000025d51a48f00_0, 0;
    %pushi/vec4 0, 0, 16;
    %assign/vec4 v0000025d51a49720_0, 0;
    %pushi/vec4 0, 0, 1;
    %assign/vec4 v0000025d51a49fe0_0, 0;
    %pushi/vec4 0, 0, 1;
    %assign/vec4 v0000025d51a49540_0, 0;
    %pushi/vec4 1, 0, 1;
    %assign/vec4 v0000025d51a48280_0, 0;
    %pushi/vec4 0, 0, 16;
    %assign/vec4 v0000025d51a49220_0, 0;
    %pushi/vec4 0, 0, 8;
    %assign/vec4 v0000025d51a48140_0, 0;
    %pushi/vec4 0, 0, 16;
    %assign/vec4 v0000025d51a48320_0, 0;
    %jmp T_7.1;
T_7.0 ;
    %load/vec4 v0000025d51a48dc0_0;
    %assign/vec4 v0000025d51a4b1e0_0, 0;
    %load/vec4 v0000025d51a4b1e0_0;
    %dup/vec4;
    %pushi/vec4 0, 0, 2;
    %cmp/u;
    %jmp/1 T_7.2, 6;
    %dup/vec4;
    %pushi/vec4 1, 0, 2;
    %cmp/u;
    %jmp/1 T_7.3, 6;
    %dup/vec4;
    %pushi/vec4 2, 0, 2;
    %cmp/u;
    %jmp/1 T_7.4, 6;
    %jmp T_7.6;
T_7.2 ;
    %load/vec4 v0000025d51a49540_0;
    %nor/r;
    %flag_set/vec4 8;
    %jmp/0xz  T_7.7, 8;
    %load/vec4 v0000025d51a48f00_0;
    %ix/load 4, 1, 0;
    %flag_set/imm 4, 0;
    %shiftl 4;
    %load/vec4 v0000025d51a49fe0_0;
    %pad/u 16;
    %add;
    %assign/vec4 v0000025d51a49220_0, 0;
    %pushi/vec4 1, 0, 1;
    %assign/vec4 v0000025d51a48280_0, 0;
    %pushi/vec4 1, 0, 1;
    %assign/vec4 v0000025d51a49540_0, 0;
    %jmp T_7.8;
T_7.7 ;
    %load/vec4 v0000025d51a48b40_0;
    %load/vec4 v0000025d51a48aa0_0;
    %nor/r;
    %and;
    %flag_set/vec4 8;
    %jmp/0xz  T_7.9, 8;
    %pushi/vec4 0, 0, 1;
    %assign/vec4 v0000025d51a49540_0, 0;
    %load/vec4 v0000025d51a49680_0;
    %load/vec4 v0000025d51a49fe0_0;
    %pad/u 3;
    %ix/vec4 3;
    %ix/load 4, 0, 0; Constant delay
    %assign/vec4/a/d v0000025d51a49400, 0, 4;
    %load/vec4 v0000025d51a49fe0_0;
    %cmpi/e 1, 0, 1;
    %jmp/0xz  T_7.11, 4;
    %load/vec4 v0000025d51a49680_0;
    %ix/load 4, 0, 0;
    %flag_set/imm 4, 0;
    %load/vec4a v0000025d51a49400, 4;
    %concat/vec4; draw_concat_vec4
    %assign/vec4 v0000025d51a49720_0, 0;
    %pushi/vec4 0, 0, 1;
    %assign/vec4 v0000025d51a49fe0_0, 0;
    %jmp T_7.12;
T_7.11 ;
    %load/vec4 v0000025d51a49fe0_0;
    %pad/u 2;
    %addi 1, 0, 2;
    %pad/u 1;
    %assign/vec4 v0000025d51a49fe0_0, 0;
T_7.12 ;
T_7.9 ;
T_7.8 ;
    %jmp T_7.6;
T_7.3 ;
    %load/vec4 v0000025d51a48e60_0;
    %pushi/vec4 2, 0, 4;
    %cmp/e;
    %flag_get/vec4 4;
    %load/vec4 v0000025d51a49540_0;
    %nor/r;
    %and;
    %flag_set/vec4 8;
    %jmp/0xz  T_7.13, 8;
    %pushi/vec4 32768, 0, 16;
    %load/vec4 v0000025d51a490e0_0;
    %add;
    %assign/vec4 v0000025d51a49220_0, 0;
    %pushi/vec4 1, 0, 1;
    %assign/vec4 v0000025d51a48280_0, 0;
    %pushi/vec4 1, 0, 1;
    %assign/vec4 v0000025d51a49540_0, 0;
    %jmp T_7.14;
T_7.13 ;
    %load/vec4 v0000025d51a48b40_0;
    %load/vec4 v0000025d51a48aa0_0;
    %nor/r;
    %and;
    %load/vec4 v0000025d51a49b80_0;
    %and;
    %flag_set/vec4 8;
    %jmp/0xz  T_7.15, 8;
    %pushi/vec4 0, 0, 1;
    %assign/vec4 v0000025d51a49540_0, 0;
    %pushi/vec4 0, 0, 8;
    %load/vec4 v0000025d51a49680_0;
    %concat/vec4; draw_concat_vec4
    %assign/vec4 v0000025d51a48320_0, 0;
T_7.15 ;
T_7.14 ;
    %jmp T_7.6;
T_7.4 ;
    %load/vec4 v0000025d51a48f00_0;
    %addi 1, 0, 16;
    %assign/vec4 v0000025d51a48f00_0, 0;
    %jmp T_7.6;
T_7.6 ;
    %pop/vec4 1;
T_7.1 ;
    %jmp T_7;
    .thread T_7;
    .scope S_0000025d5194a880;
T_8 ;
Ewait_1 .event/or E_0000025d519e0d70, E_0x0;
    %wait Ewait_1;
    %load/vec4 v0000025d51a4b1e0_0;
    %dup/vec4;
    %pushi/vec4 0, 0, 2;
    %cmp/u;
    %jmp/1 T_8.0, 6;
    %dup/vec4;
    %pushi/vec4 1, 0, 2;
    %cmp/u;
    %jmp/1 T_8.1, 6;
    %dup/vec4;
    %pushi/vec4 2, 0, 2;
    %cmp/u;
    %jmp/1 T_8.2, 6;
    %dup/vec4;
    %pushi/vec4 3, 0, 2;
    %cmp/u;
    %jmp/1 T_8.3, 6;
    %pushi/vec4 0, 0, 2;
    %store/vec4 v0000025d51a48dc0_0, 0, 2;
    %jmp T_8.5;
T_8.0 ;
    %load/vec4 v0000025d51a48b40_0;
    %load/vec4 v0000025d51a48aa0_0;
    %nor/r;
    %and;
    %flag_set/vec4 8;
    %jmp/0xz  T_8.6, 8;
    %pushi/vec4 1, 0, 2;
    %store/vec4 v0000025d51a48dc0_0, 0, 2;
    %jmp T_8.7;
T_8.6 ;
    %pushi/vec4 0, 0, 2;
    %store/vec4 v0000025d51a48dc0_0, 0, 2;
T_8.7 ;
    %jmp T_8.5;
T_8.1 ;
    %load/vec4 v0000025d51a48e60_0;
    %pushi/vec4 2, 0, 4;
    %cmp/e;
    %flag_get/vec4 4;
    %load/vec4 v0000025d51a48b40_0;
    %nor/r;
    %and;
    %flag_set/vec4 8;
    %jmp/0xz  T_8.8, 8;
    %pushi/vec4 1, 0, 2;
    %store/vec4 v0000025d51a48dc0_0, 0, 2;
    %jmp T_8.9;
T_8.8 ;
    %pushi/vec4 2, 0, 2;
    %store/vec4 v0000025d51a48dc0_0, 0, 2;
T_8.9 ;
    %jmp T_8.5;
T_8.2 ;
    %load/vec4 v0000025d51a49720_0;
    %cmpi/e 0, 0, 16;
    %jmp/0xz  T_8.10, 4;
    %pushi/vec4 3, 0, 2;
    %store/vec4 v0000025d51a48dc0_0, 0, 2;
    %jmp T_8.11;
T_8.10 ;
    %pushi/vec4 0, 0, 2;
    %store/vec4 v0000025d51a48dc0_0, 0, 2;
T_8.11 ;
    %jmp T_8.5;
T_8.3 ;
    %pushi/vec4 3, 0, 2;
    %store/vec4 v0000025d51a48dc0_0, 0, 2;
    %jmp T_8.5;
T_8.5 ;
    %pop/vec4 1;
    %jmp T_8;
    .thread T_8, $push;
    .scope S_0000025d5194a880;
T_9 ;
    %wait E_0000025d519e10f0;
    %load/vec4 v0000025d51a48e60_0;
    %pad/u 6;
    %dup/vec4;
    %pushi/vec4 19, 0, 6;
    %cmp/u;
    %jmp/1 T_9.0, 6;
    %dup/vec4;
    %pushi/vec4 3, 0, 6;
    %cmp/u;
    %jmp/1 T_9.1, 6;
    %dup/vec4;
    %pushi/vec4 35, 0, 6;
    %cmp/u;
    %jmp/1 T_9.2, 6;
    %load/vec4 v0000025d51a49040_0;
    %store/vec4 v0000025d51a49360_0, 0, 16;
    %jmp T_9.4;
T_9.0 ;
    %load/vec4 v0000025d51a486e0_0;
    %store/vec4 v0000025d51a49360_0, 0, 16;
    %jmp T_9.4;
T_9.1 ;
    %load/vec4 v0000025d51a486e0_0;
    %store/vec4 v0000025d51a49360_0, 0, 16;
    %jmp T_9.4;
T_9.2 ;
    %load/vec4 v0000025d51a492c0_0;
    %store/vec4 v0000025d51a49360_0, 0, 16;
    %jmp T_9.4;
T_9.4 ;
    %pop/vec4 1;
    %jmp T_9;
    .thread T_9, $push;
# The file index is used to find the file name in the following table.
:file_names 10;
    "N/A";
    "<interactive>";
    "-";
    "src\project.v";
    "src\riscv_cpu.v";
    "src\alu.v";
    "src\barrel_shifter.v";
    "src\control_unit.v";
    "src\i2c_controller.v";
    "src\register_file.v";
